<?xml version="1.0" encoding="utf-8"?><testsuites name="pytest tests"><testsuite name="pytest" errors="0" failures="0" skipped="0" tests="22" time="8.042" timestamp="2026-06-12T02:24:22.447682+00:00" hostname="agent-env-4cd67824-0807-4a7c-aa9f-8433291df6bf"><testcase classname="backend.tests.test_new_features" name="test_00_setup_admin_and_users" time="1.470" /><testcase classname="backend.tests.test_new_features" name="test_01_admin_overview" time="0.101" /><testcase classname="backend.tests.test_new_features" name="test_02_admin_endpoints_forbid_non_admin" time="0.284" /><testcase classname="backend.tests.test_new_features" name="test_03_admin_users_list" time="0.130" /><testcase classname="backend.tests.test_new_features" name="test_04_admin_cannot_ban_admin" time="0.098" /><testcase classname="backend.tests.test_new_features" name="test_05_admin_ban_unban_other_user" time="0.409" /><testcase classname="backend.tests.test_new_features" name="test_06_admin_emails_outbox" time="0.108" /><testcase classname="backend.tests.test_new_features" name="test_07_forgot_password_unknown_returns_ok_no_link" time="0.096" /><testcase classname="backend.tests.test_new_features" name="test_08_forgot_password_existing_returns_link" time="0.100" /><testcase classname="backend.tests.test_new_features" name="test_09_reset_password_works" time="0.982" /><testcase classname="backend.tests.test_new_features" name="test_10_expired_reset_token_rejected" time="0.230" /><testcase classname="backend.tests.test_new_features" name="test_11_send_and_verify_email" time="0.337" /><testcase classname="backend.tests.test_new_features" name="test_12_create_item_for_chat" time="1.971" /><testcase classname="backend.tests.test_new_features" name="test_13_chat_third_party_forbidden" time="0.207" /><testcase classname="backend.tests.test_new_features" name="test_14_chat_pii_scrub" time="0.129" /><testcase classname="backend.tests.test_new_features" name="test_15_chat_visible_to_both_parties" time="0.209" /><testcase classname="backend.tests.test_new_features" name="test_16_chat_closed_after_completed" time="0.206" /><testcase classname="backend.tests.test_new_features" name="test_17_admin_reports_and_delete_item" time="0.300" /><testcase classname="backend.tests.test_new_features" name="test_18_auto_expire_function" time="0.002" /><testcase classname="backend.tests.test_new_features" name="test_19_my_donations_empty_ok" time="0.099" /><testcase classname="backend.tests.test_new_features" name="test_20_receipt_pdf_owner_and_admin" time="0.411" /><testcase classname="backend.tests.test_new_features" name="test_21_admin_seed_idempotent_role_set" time="0.001" /></testsuite></testsuites>