<?xml version="1.0" encoding="utf-8"?><testsuites name="pytest tests"><testsuite name="pytest" errors="0" failures="0" skipped="0" tests="74" time="34.632" timestamp="2026-06-12T02:51:51.841968+00:00" hostname="agent-env-4cd67824-0807-4a7c-aa9f-8433291df6bf"><testcase classname="backend.tests.backend_test" name="test_01_register_u1" time="0.396" /><testcase classname="backend.tests.backend_test" name="test_02_register_u2" time="0.334" /><testcase classname="backend.tests.backend_test" name="test_03_duplicate_register" time="0.115" /><testcase classname="backend.tests.backend_test" name="test_04_login" time="0.319" /><testcase classname="backend.tests.backend_test" name="test_05_login_bad" time="0.321" /><testcase classname="backend.tests.backend_test" name="test_06_me_bearer" time="0.108" /><testcase classname="backend.tests.backend_test" name="test_07_me_cookie" time="0.358" /><testcase classname="backend.tests.backend_test" name="test_08_me_unauth" time="0.104" /><testcase classname="backend.tests.backend_test" name="test_09_logout" time="0.095" /><testcase classname="backend.tests.backend_test" name="test_10_post_unverified_403" time="0.100" /><testcase classname="backend.tests.backend_test" name="test_11_flip_verified" time="0.002" /><testcase classname="backend.tests.backend_test" name="test_12_mod_blocks_oxycodone" time="2.186" /><testcase classname="backend.tests.backend_test" name="test_13_mod_allows_tylenol_and_creates" time="1.528" /><testcase classname="backend.tests.backend_test" name="test_14_list_items" time="0.113" /><testcase classname="backend.tests.backend_test" name="test_15_get_item" time="0.103" /><testcase classname="backend.tests.backend_test" name="test_16_cannot_claim_own" time="0.096" /><testcase classname="backend.tests.backend_test" name="test_17_claim_ok" time="0.099" /><testcase classname="backend.tests.backend_test" name="test_18_double_claim_fails" time="0.098" /><testcase classname="backend.tests.backend_test" name="test_19_confirm_wrong_code" time="0.095" /><testcase classname="backend.tests.backend_test" name="test_20_confirm_non_owner" time="0.095" /><testcase classname="backend.tests.backend_test" name="test_21_confirm_ok" time="0.200" /><testcase classname="backend.tests.backend_test" name="test_22_me_items" time="0.094" /><testcase classname="backend.tests.backend_test" name="test_23_report" time="0.097" /><testcase classname="backend.tests.backend_test" name="test_24_verify_checkout_unverified_user" time="0.930" /><testcase classname="backend.tests.backend_test" name="test_25_verify_checkout_already_verified_rejects" time="0.100" /><testcase classname="backend.tests.backend_test" name="test_26_donate_preset_five" time="0.424" /><testcase classname="backend.tests.backend_test" name="test_27_donate_custom_valid" time="0.446" /><testcase classname="backend.tests.backend_test" name="test_28_donate_custom_out_of_range" time="0.096" /><testcase classname="backend.tests.backend_test" name="test_29_donate_invalid_preset" time="0.096" /><testcase classname="backend.tests.backend_test" name="test_30_payment_status" time="0.381" /><testcase classname="backend.tests.backend_test" name="test_31_donations_stats" time="0.100" /><testcase classname="backend.tests.backend_test" name="test_32_leaderboard" time="0.103" /><testcase classname="backend.tests.backend_test" name="test_33_config" time="0.108" /><testcase classname="backend.tests.backend_test" name="test_34_serve_uploaded_file" time="0.175" /><testcase classname="backend.tests.test_new_features" name="test_00_setup_admin_and_users" time="1.317" /><testcase classname="backend.tests.test_new_features" name="test_01_admin_overview" time="0.109" /><testcase classname="backend.tests.test_new_features" name="test_02_admin_endpoints_forbid_non_admin" time="0.191" /><testcase classname="backend.tests.test_new_features" name="test_03_admin_users_list" time="0.098" /><testcase classname="backend.tests.test_new_features" name="test_04_admin_cannot_ban_admin" time="0.099" /><testcase classname="backend.tests.test_new_features" name="test_05_admin_ban_unban_other_user" time="0.398" /><testcase classname="backend.tests.test_new_features" name="test_06_admin_emails_outbox" time="0.098" /><testcase classname="backend.tests.test_new_features" name="test_07_forgot_password_unknown_returns_ok_no_link" time="0.108" /><testcase classname="backend.tests.test_new_features" name="test_08_forgot_password_existing_returns_link" time="0.320" /><testcase classname="backend.tests.test_new_features" name="test_09_reset_password_works" time="0.951" /><testcase classname="backend.tests.test_new_features" name="test_10_expired_reset_token_rejected" time="0.356" /><testcase classname="backend.tests.test_new_features" name="test_11_send_and_verify_email" time="0.495" /><testcase classname="backend.tests.test_new_features" name="test_12_create_item_for_chat" time="1.777" /><testcase classname="backend.tests.test_new_features" name="test_13_chat_third_party_forbidden" time="0.194" /><testcase classname="backend.tests.test_new_features" name="test_14_chat_pii_scrub" time="0.102" /><testcase classname="backend.tests.test_new_features" name="test_15_chat_visible_to_both_parties" time="0.191" /><testcase classname="backend.tests.test_new_features" name="test_16_chat_closed_after_completed" time="0.186" /><testcase classname="backend.tests.test_new_features" name="test_17_admin_reports_and_delete_item" time="0.303" /><testcase classname="backend.tests.test_new_features" name="test_18_auto_expire_function" time="0.002" /><testcase classname="backend.tests.test_new_features" name="test_19_my_donations_empty_ok" time="0.119" /><testcase classname="backend.tests.test_new_features" name="test_20_receipt_pdf_owner_and_admin" time="0.403" /><testcase classname="backend.tests.test_new_features" name="test_21_admin_seed_idempotent_role_set" time="0.001" /><testcase classname="backend.tests.test_iter3_features" name="test_00_setup" time="0.956" /><testcase classname="backend.tests.test_iter3_features" name="test_01_stats_impact" time="0.090" /><testcase classname="backend.tests.test_iter3_features" name="test_02_donor_of_month_initial_can_be_null" time="0.087" /><testcase classname="backend.tests.test_iter3_features" name="test_03_me_stats_basic" time="0.095" /><testcase classname="backend.tests.test_iter3_features" name="test_04_me_stats_requires_auth" time="0.105" /><testcase classname="backend.tests.test_iter3_features" name="test_05_photo_hash_dedup" time="3.574" /><testcase classname="backend.tests.test_iter3_features" name="test_06_first_rescue_badge_after_complete" time="0.318" /><testcase classname="backend.tests.test_iter3_features" name="test_07_bump_only_owner_active_and_cooldown" time="4.433" /><testcase classname="backend.tests.test_iter3_features" name="test_08_zip_subscriptions_roundtrip" time="0.413" /><testcase classname="backend.tests.test_iter3_features" name="test_09_vapid_public_key" time="0.095" /><testcase classname="backend.tests.test_iter3_features" name="test_10_push_subscribe_stores" time="0.099" /><testcase classname="backend.tests.test_iter3_features" name="test_11_identity_checkout_endpoint_exists_and_auth" time="0.090" /><testcase classname="backend.tests.test_iter3_features" name="test_12_identity_checkout_already_verified_blocked" time="0.094" /><testcase classname="backend.tests.test_iter3_features" name="test_13_identity_checkout_unverified_user" time="0.787" /><testcase classname="backend.tests.test_iter3_features" name="test_14_identity_status_403_on_mismatch" time="0.355" /><testcase classname="backend.tests.test_iter3_features" name="test_15_forgot_password_logs_resend_provider" time="0.370" /><testcase classname="backend.tests.test_iter3_features" name="test_16_post_item_notifies_zip_subscribers_via_resend" time="4.636" /><testcase classname="backend.tests.test_iter3_features" name="test_99_cleanup" time="0.001" /></testsuite></testsuites>