<?xml version="1.0" encoding="utf-8"?><testsuites name="pytest tests"><testsuite name="pytest" errors="0" failures="6" skipped="0" tests="56" time="18.515" timestamp="2026-06-12T02:49:48.971497+00:00" hostname="agent-env-4cd67824-0807-4a7c-aa9f-8433291df6bf"><testcase classname="backend.tests.backend_test" name="test_01_register_u1" time="0.346" /><testcase classname="backend.tests.backend_test" name="test_02_register_u2" time="0.327" /><testcase classname="backend.tests.backend_test" name="test_03_duplicate_register" time="0.108" /><testcase classname="backend.tests.backend_test" name="test_04_login" time="0.350" /><testcase classname="backend.tests.backend_test" name="test_05_login_bad" time="0.310" /><testcase classname="backend.tests.backend_test" name="test_06_me_bearer" time="0.099" /><testcase classname="backend.tests.backend_test" name="test_07_me_cookie" time="0.408" /><testcase classname="backend.tests.backend_test" name="test_08_me_unauth" time="0.095" /><testcase classname="backend.tests.backend_test" name="test_09_logout" time="0.136" /><testcase classname="backend.tests.backend_test" name="test_10_post_unverified_403" time="0.099" /><testcase classname="backend.tests.backend_test" name="test_11_flip_verified" time="0.002" /><testcase classname="backend.tests.backend_test" name="test_12_mod_blocks_oxycodone" time="1.444" /><testcase classname="backend.tests.backend_test" name="test_13_mod_allows_tylenol_and_creates" time="3.492" /><testcase classname="backend.tests.backend_test" name="test_14_list_items" time="0.118" /><testcase classname="backend.tests.backend_test" name="test_15_get_item" time="0.096" /><testcase classname="backend.tests.backend_test" name="test_16_cannot_claim_own" time="0.114" /><testcase classname="backend.tests.backend_test" name="test_17_claim_ok" time="0.106" /><testcase classname="backend.tests.backend_test" name="test_18_double_claim_fails" time="0.100" /><testcase classname="backend.tests.backend_test" name="test_19_confirm_wrong_code" time="0.098" /><testcase classname="backend.tests.backend_test" name="test_20_confirm_non_owner" time="0.098" /><testcase classname="backend.tests.backend_test" name="test_21_confirm_ok" time="0.236" /><testcase classname="backend.tests.backend_test" name="test_22_me_items" time="0.103" /><testcase classname="backend.tests.backend_test" name="test_23_report" time="0.095" /><testcase classname="backend.tests.backend_test" name="test_24_verify_checkout_unverified_user" time="0.772" /><testcase classname="backend.tests.backend_test" name="test_25_verify_checkout_already_verified_rejects" time="0.099" /><testcase classname="backend.tests.backend_test" name="test_26_donate_preset_five" time="0.410" /><testcase classname="backend.tests.backend_test" name="test_27_donate_custom_valid" time="0.394" /><testcase classname="backend.tests.backend_test" name="test_28_donate_custom_out_of_range" time="0.145" /><testcase classname="backend.tests.backend_test" name="test_29_donate_invalid_preset" time="0.097" /><testcase classname="backend.tests.backend_test" name="test_30_payment_status" time="0.294" /><testcase classname="backend.tests.backend_test" name="test_31_donations_stats" time="0.095" /><testcase classname="backend.tests.backend_test" name="test_32_leaderboard" time="0.098" /><testcase classname="backend.tests.backend_test" name="test_33_config" time="0.111" /><testcase classname="backend.tests.backend_test" name="test_34_serve_uploaded_file" time="0.201" /><testcase classname="backend.tests.test_new_features" name="test_00_setup_admin_and_users" time="1.372" /><testcase classname="backend.tests.test_new_features" name="test_01_admin_overview" time="0.128" /><testcase classname="backend.tests.test_new_features" name="test_02_admin_endpoints_forbid_non_admin" time="0.191" /><testcase classname="backend.tests.test_new_features" name="test_03_admin_users_list" time="0.096" /><testcase classname="backend.tests.test_new_features" name="test_04_admin_cannot_ban_admin" time="0.098" /><testcase classname="backend.tests.test_new_features" name="test_05_admin_ban_unban_other_user" time="0.395" /><testcase classname="backend.tests.test_new_features" name="test_06_admin_emails_outbox" time="0.110" /><testcase classname="backend.tests.test_new_features" name="test_07_forgot_password_unknown_returns_ok_no_link" time="0.097" /><testcase classname="backend.tests.test_new_features" name="test_08_forgot_password_existing_returns_link" time="0.298" /><testcase classname="backend.tests.test_new_features" name="test_09_reset_password_works" time="0.977" /><testcase classname="backend.tests.test_new_features" name="test_10_expired_reset_token_rejected" time="0.512" /><testcase classname="backend.tests.test_new_features" name="test_11_send_and_verify_email" time="0.608" /><testcase classname="backend.tests.test_new_features" name="test_12_create_item_for_chat" time="1.840"><failure message="AssertionError: {&quot;detail&quot;:&quot;This exact photo has already been posted. Please upload a fresh photo of the actual item.&quot;}&#10;assert 400 == 200&#10; +  where 400 = &lt;Response [400]&gt;.status_code">E   AssertionError: {"detail":"This exact photo has already been posted. Please upload a fresh photo of the actual item."}
    assert 400 == 200
     +  where 400 = &lt;Response [400]&gt;.status_code</failure></testcase><testcase classname="backend.tests.test_new_features" name="test_13_chat_third_party_forbidden" time="0.000"><failure message="KeyError: 'item_id'">E   KeyError: 'item_id'</failure></testcase><testcase classname="backend.tests.test_new_features" name="test_14_chat_pii_scrub" time="0.000"><failure message="KeyError: 'item_id'">E   KeyError: 'item_id'</failure></testcase><testcase classname="backend.tests.test_new_features" name="test_15_chat_visible_to_both_parties" time="0.000"><failure message="KeyError: 'item_id'">E   KeyError: 'item_id'</failure></testcase><testcase classname="backend.tests.test_new_features" name="test_16_chat_closed_after_completed" time="0.000"><failure message="KeyError: 'item_id'">E   KeyError: 'item_id'</failure></testcase><testcase classname="backend.tests.test_new_features" name="test_17_admin_reports_and_delete_item" time="0.000"><failure message="KeyError: 'item_id'">E   KeyError: 'item_id'</failure></testcase><testcase classname="backend.tests.test_new_features" name="test_18_auto_expire_function" time="0.002" /><testcase classname="backend.tests.test_new_features" name="test_19_my_donations_empty_ok" time="0.120" /><testcase classname="backend.tests.test_new_features" name="test_20_receipt_pdf_owner_and_admin" time="0.393" /><testcase classname="backend.tests.test_new_features" name="test_21_admin_seed_idempotent_role_set" time="0.001" /></testsuite></testsuites>