<?xml version="1.0" encoding="utf-8"?><testsuites name="pytest tests"><testsuite name="pytest" errors="0" failures="0" skipped="0" tests="18" time="14.068" timestamp="2026-06-12T02:49:28.661539+00:00" hostname="agent-env-4cd67824-0807-4a7c-aa9f-8433291df6bf"><testcase classname="backend.tests.test_iter3_features" name="test_00_setup" time="1.047" /><testcase classname="backend.tests.test_iter3_features" name="test_01_stats_impact" time="0.100" /><testcase classname="backend.tests.test_iter3_features" name="test_02_donor_of_month_initial_can_be_null" time="0.103" /><testcase classname="backend.tests.test_iter3_features" name="test_03_me_stats_basic" time="0.101" /><testcase classname="backend.tests.test_iter3_features" name="test_04_me_stats_requires_auth" time="0.123" /><testcase classname="backend.tests.test_iter3_features" name="test_05_photo_hash_dedup" time="2.683" /><testcase classname="backend.tests.test_iter3_features" name="test_06_first_rescue_badge_after_complete" time="0.291" /><testcase classname="backend.tests.test_iter3_features" name="test_07_bump_only_owner_active_and_cooldown" time="2.770" /><testcase classname="backend.tests.test_iter3_features" name="test_08_zip_subscriptions_roundtrip" time="0.402" /><testcase classname="backend.tests.test_iter3_features" name="test_09_vapid_public_key" time="0.102" /><testcase classname="backend.tests.test_iter3_features" name="test_10_push_subscribe_stores" time="0.099" /><testcase classname="backend.tests.test_iter3_features" name="test_11_identity_checkout_endpoint_exists_and_auth" time="0.103" /><testcase classname="backend.tests.test_iter3_features" name="test_12_identity_checkout_already_verified_blocked" time="0.105" /><testcase classname="backend.tests.test_iter3_features" name="test_13_identity_checkout_unverified_user" time="0.611" /><testcase classname="backend.tests.test_iter3_features" name="test_14_identity_status_403_on_mismatch" time="0.132" /><testcase classname="backend.tests.test_iter3_features" name="test_15_forgot_password_logs_resend_provider" time="0.519" /><testcase classname="backend.tests.test_iter3_features" name="test_16_post_item_notifies_zip_subscribers_via_resend" time="4.609" /><testcase classname="backend.tests.test_iter3_features" name="test_99_cleanup" time="0.001" /></testsuite></testsuites>