<?xml version="1.0" encoding="utf-8"?><testsuites name="pytest tests"><testsuite name="pytest" errors="0" failures="0" skipped="0" tests="20" time="12.304" timestamp="2026-06-13T00:44:49.387933+00:00" hostname="agent-env-4cd67824-0807-4a7c-aa9f-8433291df6bf"><testcase classname="backend.tests.test_iter4_features" name="test_00_setup_users" time="1.032" /><testcase classname="backend.tests.test_iter4_features" name="test_01_unverified_claim_allowed" time="1.887" /><testcase classname="backend.tests.test_iter4_features" name="test_02_unverified_post_forbidden" time="0.137" /><testcase classname="backend.tests.test_iter4_features" name="test_03_profile_shape" time="0.099" /><testcase classname="backend.tests.test_iter4_features" name="test_04_reviews_initially_empty" time="0.155" /><testcase classname="backend.tests.test_iter4_features" name="test_05_review_blocked_when_not_completed" time="0.112" /><testcase classname="backend.tests.test_iter4_features" name="test_06_create_completed_item" time="1.619" /><testcase classname="backend.tests.test_iter4_features" name="test_07_rating_validation" time="0.360" /><testcase classname="backend.tests.test_iter4_features" name="test_08_poster_reviews_claimer" time="0.114" /><testcase classname="backend.tests.test_iter4_features" name="test_09_review_once" time="0.093" /><testcase classname="backend.tests.test_iter4_features" name="test_10_claimer_reviews_poster" time="0.099" /><testcase classname="backend.tests.test_iter4_features" name="test_11_non_participant_review_blocked" time="0.108" /><testcase classname="backend.tests.test_iter4_features" name="test_12_profile_aggregates" time="0.224" /><testcase classname="backend.tests.test_iter4_features" name="test_13_update_bio" time="0.199" /><testcase classname="backend.tests.test_iter4_features" name="test_14_avatar_upload" time="0.287" /><testcase classname="backend.tests.test_iter4_features" name="test_15_block_roundtrip" time="0.606" /><testcase classname="backend.tests.test_iter4_features" name="test_16_watchlist_roundtrip" time="2.014" /><testcase classname="backend.tests.test_iter4_features" name="test_17_pickup_reminder_loop" time="1.988" /><testcase classname="backend.tests.test_iter4_features" name="test_18_currency_cad_and_stripe_live_url" time="0.583" /><testcase classname="backend.tests.test_iter4_features" name="test_19_verification_checkout_currency" time="0.428" /></testsuite></testsuites>