<?xml version="1.0" encoding="utf-8"?><testsuites name="pytest tests"><testsuite name="pytest" errors="0" failures="0" skipped="0" tests="34" time="10.214" timestamp="2026-06-12T01:33:12.393597+00:00" hostname="agent-env-4cd67824-0807-4a7c-aa9f-8433291df6bf"><testcase classname="backend.tests.backend_test" name="test_01_register_u1" time="0.368" /><testcase classname="backend.tests.backend_test" name="test_02_register_u2" time="0.358" /><testcase classname="backend.tests.backend_test" name="test_03_duplicate_register" time="0.097" /><testcase classname="backend.tests.backend_test" name="test_04_login" time="0.324" /><testcase classname="backend.tests.backend_test" name="test_05_login_bad" time="0.337" /><testcase classname="backend.tests.backend_test" name="test_06_me_bearer" time="0.129" /><testcase classname="backend.tests.backend_test" name="test_07_me_cookie" time="0.394" /><testcase classname="backend.tests.backend_test" name="test_08_me_unauth" time="0.120" /><testcase classname="backend.tests.backend_test" name="test_09_logout" time="0.096" /><testcase classname="backend.tests.backend_test" name="test_10_post_unverified_403" time="0.138" /><testcase classname="backend.tests.backend_test" name="test_11_flip_verified" time="0.002" /><testcase classname="backend.tests.backend_test" name="test_12_mod_blocks_oxycodone" time="2.225" /><testcase classname="backend.tests.backend_test" name="test_13_mod_allows_tylenol_and_creates" time="1.420" /><testcase classname="backend.tests.backend_test" name="test_14_list_items" time="0.122" /><testcase classname="backend.tests.backend_test" name="test_15_get_item" time="0.104" /><testcase classname="backend.tests.backend_test" name="test_16_cannot_claim_own" time="0.097" /><testcase classname="backend.tests.backend_test" name="test_17_claim_ok" time="0.096" /><testcase classname="backend.tests.backend_test" name="test_18_double_claim_fails" time="0.124" /><testcase classname="backend.tests.backend_test" name="test_19_confirm_wrong_code" time="0.102" /><testcase classname="backend.tests.backend_test" name="test_20_confirm_non_owner" time="0.100" /><testcase classname="backend.tests.backend_test" name="test_21_confirm_ok" time="0.252" /><testcase classname="backend.tests.backend_test" name="test_22_me_items" time="0.109" /><testcase classname="backend.tests.backend_test" name="test_23_report" time="0.105" /><testcase classname="backend.tests.backend_test" name="test_24_verify_checkout_unverified_user" time="0.846" /><testcase classname="backend.tests.backend_test" name="test_25_verify_checkout_already_verified_rejects" time="0.098" /><testcase classname="backend.tests.backend_test" name="test_26_donate_preset_five" time="0.437" /><testcase classname="backend.tests.backend_test" name="test_27_donate_custom_valid" time="0.405" /><testcase classname="backend.tests.backend_test" name="test_28_donate_custom_out_of_range" time="0.096" /><testcase classname="backend.tests.backend_test" name="test_29_donate_invalid_preset" time="0.093" /><testcase classname="backend.tests.backend_test" name="test_30_payment_status" time="0.342" /><testcase classname="backend.tests.backend_test" name="test_31_donations_stats" time="0.100" /><testcase classname="backend.tests.backend_test" name="test_32_leaderboard" time="0.104" /><testcase classname="backend.tests.backend_test" name="test_33_config" time="0.097" /><testcase classname="backend.tests.backend_test" name="test_34_serve_uploaded_file" time="0.209" /></testsuite></testsuites>